node-sass 설치시 발생한 에러 원인 및 해결방법

Error: Cannot find module '/root/.nvm/versions/node/v17.9.1/lib/node_modules/node-sass/scripts/install.js'
npm ERR!     at Function.Module._resolveFilename (node:internal/modules/cjs/loader:933:15)
npm ERR!     at Function.Module._load (node:internal/modules/cjs/loader:778:27)
npm ERR!     at Function.executeUserEntryPoint [as runMain] (node:internal/modules/run_main:77:12)
npm ERR!     at node:internal/main/run_main_module:17:47 {
npm ERR!   code: 'MODULE_NOT_FOUND',
npm ERR!   requireStack: []
npm ERR! }
npm ERR!
npm ERR! Node.js v17.9.1

npm ERR! A complete log of this run can be found in:
npm ERR!     /root/.npm/_logs/2023-10-30T11_01_01_533Z-debug-0.log



error An unexpected error occurred: "https://registry.yarnpkg.com/calssnames: No
t found". 에러 해결방법

https://rios.tistory.com/entry/React-npm-yarn-%EC%84%A4%EC%B9%98-%EC%98%A4%EB%A5%98-error-An-unexpected-error-occurred